Compiling the CXX compiler identification source file "CMakeCXXCompilerId.cpp" failed.
Compiler: D:/BYD/sdk_v1.0.5/SDK_v1.0.5/BYD_AUTO_SDK_v1.0.5/byd-auto_sdk_windows/ndk/27.0.12077973/toolchains/llvm/prebuilt/windows-x86_64/bin/clang++.exe 
Build flags: -g;-DANDROID;-fdata-sections;-ffunction-sections;-funwind-tables;-fstack-protector-strong;-no-canonical-prefixes;-D_FORTIFY_SOURCE=2;-march=armv7-a;-mthumb;-Wformat;-Werror=format-security;;
Id flags: -c;--target=armv7-none-linux-androideabi23 

The output was:
The filename or extension is too long


Compiling the CXX compiler identification source file "CMakeCXXCompilerId.cpp" failed.
Compiler: D:/BYD/sdk_v1.0.5/SDK_v1.0.5/BYD_AUTO_SDK_v1.0.5/byd-auto_sdk_windows/ndk/27.0.12077973/toolchains/llvm/prebuilt/windows-x86_64/bin/clang++.exe 
Build flags: -g;-DANDROID;-fdata-sections;-ffunction-sections;-funwind-tables;-fstack-protector-strong;-no-canonical-prefixes;-D_FORTIFY_SOURCE=2;-march=armv7-a;-mthumb;-Wformat;-Werror=format-security;;
Id flags:  

The output was:
The filename or extension is too long


Compiling the CXX compiler identification source file "CMakeCXXCompilerId.cpp" failed.
Compiler: D:/BYD/sdk_v1.0.5/SDK_v1.0.5/BYD_AUTO_SDK_v1.0.5/byd-auto_sdk_windows/ndk/27.0.12077973/toolchains/llvm/prebuilt/windows-x86_64/bin/clang++.exe 
Build flags: -g;-DANDROID;-fdata-sections;-ffunction-sections;-funwind-tables;-fstack-protector-strong;-no-canonical-prefixes;-D_FORTIFY_SOURCE=2;-march=armv7-a;-mthumb;-Wformat;-Werror=format-security;;
Id flags: -c 

The output was:
The filename or extension is too long


Compiling the CXX compiler identification source file "CMakeCXXCompilerId.cpp" failed.
Compiler: D:/BYD/sdk_v1.0.5/SDK_v1.0.5/BYD_AUTO_SDK_v1.0.5/byd-auto_sdk_windows/ndk/27.0.12077973/toolchains/llvm/prebuilt/windows-x86_64/bin/clang++.exe 
Build flags: -g;-DANDROID;-fdata-sections;-ffunction-sections;-funwind-tables;-fstack-protector-strong;-no-canonical-prefixes;-D_FORTIFY_SOURCE=2;-march=armv7-a;-mthumb;-Wformat;-Werror=format-security;;
Id flags: --c++ 

The output was:
The filename or extension is too long


Compiling the CXX compiler identification source file "CMakeCXXCompilerId.cpp" failed.
Compiler: D:/BYD/sdk_v1.0.5/SDK_v1.0.5/BYD_AUTO_SDK_v1.0.5/byd-auto_sdk_windows/ndk/27.0.12077973/toolchains/llvm/prebuilt/windows-x86_64/bin/clang++.exe 
Build flags: -g;-DANDROID;-fdata-sections;-ffunction-sections;-funwind-tables;-fstack-protector-strong;-no-canonical-prefixes;-D_FORTIFY_SOURCE=2;-march=armv7-a;-mthumb;-Wformat;-Werror=format-security;;
Id flags: --ec++ 

The output was:
The filename or extension is too long


Compiling the CXX compiler identification source file "CMakeCXXCompilerId.cpp" failed.
Compiler: D:/BYD/sdk_v1.0.5/SDK_v1.0.5/BYD_AUTO_SDK_v1.0.5/byd-auto_sdk_windows/ndk/27.0.12077973/toolchains/llvm/prebuilt/windows-x86_64/bin/clang++.exe 
Build flags: -g;-DANDROID;-fdata-sections;-ffunction-sections;-funwind-tables;-fstack-protector-strong;-no-canonical-prefixes;-D_FORTIFY_SOURCE=2;-march=armv7-a;-mthumb;-Wformat;-Werror=format-security;;
Id flags: --target=arm-arm-none-eabi;-mcpu=cortex-m3 

The output was:
The filename or extension is too long


Compiling the CXX compiler identification source file "CMakeCXXCompilerId.cpp" failed.
Compiler: D:/BYD/sdk_v1.0.5/SDK_v1.0.5/BYD_AUTO_SDK_v1.0.5/byd-auto_sdk_windows/ndk/27.0.12077973/toolchains/llvm/prebuilt/windows-x86_64/bin/clang++.exe 
Build flags: -g;-DANDROID;-fdata-sections;-ffunction-sections;-funwind-tables;-fstack-protector-strong;-no-canonical-prefixes;-D_FORTIFY_SOURCE=2;-march=armv7-a;-mthumb;-Wformat;-Werror=format-security;;
Id flags: -c;-I__does_not_exist__ 

The output was:
The filename or extension is too long


Compiling the CXX compiler identification source file "CMakeCXXCompilerId.cpp" failed.
Compiler: D:/BYD/sdk_v1.0.5/SDK_v1.0.5/BYD_AUTO_SDK_v1.0.5/byd-auto_sdk_windows/ndk/27.0.12077973/toolchains/llvm/prebuilt/windows-x86_64/bin/clang++.exe 
Build flags: 
Id flags: -c;--target=armv7-none-linux-androideabi23 

The output was:
The filename or extension is too long


Compiling the CXX compiler identification source file "CMakeCXXCompilerId.cpp" failed.
Compiler: D:/BYD/sdk_v1.0.5/SDK_v1.0.5/BYD_AUTO_SDK_v1.0.5/byd-auto_sdk_windows/ndk/27.0.12077973/toolchains/llvm/prebuilt/windows-x86_64/bin/clang++.exe 
Build flags: 
Id flags:  

The output was:
The filename or extension is too long


Compiling the CXX compiler identification source file "CMakeCXXCompilerId.cpp" failed.
Compiler: D:/BYD/sdk_v1.0.5/SDK_v1.0.5/BYD_AUTO_SDK_v1.0.5/byd-auto_sdk_windows/ndk/27.0.12077973/toolchains/llvm/prebuilt/windows-x86_64/bin/clang++.exe 
Build flags: 
Id flags: -c 

The output was:
The filename or extension is too long


Compiling the CXX compiler identification source file "CMakeCXXCompilerId.cpp" failed.
Compiler: D:/BYD/sdk_v1.0.5/SDK_v1.0.5/BYD_AUTO_SDK_v1.0.5/byd-auto_sdk_windows/ndk/27.0.12077973/toolchains/llvm/prebuilt/windows-x86_64/bin/clang++.exe 
Build flags: 
Id flags: --c++ 

The output was:
The filename or extension is too long


Compiling the CXX compiler identification source file "CMakeCXXCompilerId.cpp" failed.
Compiler: D:/BYD/sdk_v1.0.5/SDK_v1.0.5/BYD_AUTO_SDK_v1.0.5/byd-auto_sdk_windows/ndk/27.0.12077973/toolchains/llvm/prebuilt/windows-x86_64/bin/clang++.exe 
Build flags: 
Id flags: --ec++ 

The output was:
The filename or extension is too long


Compiling the CXX compiler identification source file "CMakeCXXCompilerId.cpp" failed.
Compiler: D:/BYD/sdk_v1.0.5/SDK_v1.0.5/BYD_AUTO_SDK_v1.0.5/byd-auto_sdk_windows/ndk/27.0.12077973/toolchains/llvm/prebuilt/windows-x86_64/bin/clang++.exe 
Build flags: 
Id flags: --target=arm-arm-none-eabi;-mcpu=cortex-m3 

The output was:
The filename or extension is too long


Compiling the CXX compiler identification source file "CMakeCXXCompilerId.cpp" failed.
Compiler: D:/BYD/sdk_v1.0.5/SDK_v1.0.5/BYD_AUTO_SDK_v1.0.5/byd-auto_sdk_windows/ndk/27.0.12077973/toolchains/llvm/prebuilt/windows-x86_64/bin/clang++.exe 
Build flags: 
Id flags: -c;-I__does_not_exist__ 

The output was:
The filename or extension is too long


Checking whether the CXX compiler is IAR using "" did not match "IAR .+ Compiler":
Checking whether the CXX compiler is IAR using "" did not match "IAR .+ Compiler":
Detecting CXX compiler ABI info failed to compile with the following output:
Change Dir: D:/New folder/Flutter/codecanyon-Xi4J3zce-fuodz-grocery-food-pharmacy-store-parcelcourier-delivery-mobile-app-with-php-laravel-backend/1.7.70.1/Apps/Customer/New Owners/android/app/.cxx/Debug/6o3143y3/armeabi-v7a/CMakeFiles/CMakeTmp

Run Build Command(s):D:\BYD\sdk_v1.0.5\SDK_v1.0.5\BYD_AUTO_SDK_v1.0.5\byd-auto_sdk_windows\cmake\3.22.1\bin\ninja.exe cmTC_f3a7b && [1/2] Building CXX object CMakeFiles\cmTC_f3a7b.dir\CMakeCXXCompilerABI.cpp.o
FAILED: CMakeFiles/cmTC_f3a7b.dir/CMakeCXXCompilerABI.cpp.o 
D:\BYD\sdk_v1.0.5\SDK_v1.0.5\BYD_AUTO_SDK_v1.0.5\byd-auto_sdk_windows\ndk\27.0.12077973\toolchains\llvm\prebuilt\windows-x86_64\bin\clang++.exe   -g -DANDROID -fdata-sections -ffunction-sections -funwind-tables -fstack-protector-strong -no-canonical-prefixes -D_FORTIFY_SOURCE=2 -march=armv7-a -mthumb -Wformat -o CMakeFiles\cmTC_f3a7b.dir\CMakeCXXCompilerABI.cpp.o -c D:\BYD\sdk_v1.0.5\SDK_v1.0.5\BYD_AUTO_SDK_v1.0.5\byd-auto_sdk_windows\cmake\3.22.1\share\cmake-3.22\Modules\CMakeCXXCompilerABI.cpp
clang++: warning: argument unused during compilation: '-mthumb' [-Wunused-command-line-argument]
error: unknown target CPU 'armv7-a'
note: valid target CPU values are: nocona, core2, penryn, bonnell, atom, silvermont, slm, goldmont, goldmont-plus, tremont, nehalem, corei7, westmere, sandybridge, corei7-avx, ivybridge, core-avx-i, haswell, core-avx2, broadwell, skylake, skylake-avx512, skx, cascadelake, cooperlake, cannonlake, icelake-client, rocketlake, icelake-server, tigerlake, sapphirerapids, alderlake, raptorlake, meteorlake, arrowlake, arrowlake-s, lunarlake, gracemont, pantherlake, sierraforest, grandridge, graniterapids, graniterapids-d, emeraldrapids, clearwaterforest, knl, knm, k8, athlon64, athlon-fx, opteron, k8-sse3, athlon64-sse3, opteron-sse3, amdfam10, barcelona, btver1, btver2, bdver1, bdver2, bdver3, bdver4, znver1, znver2, znver3, znver4, x86-64, x86-64-v2, x86-64-v3, x86-64-v4
ninja: build stopped: subcommand failed.




Determining if the CXX compiler works failed with the following output:
Change Dir: D:/New folder/Flutter/codecanyon-Xi4J3zce-fuodz-grocery-food-pharmacy-store-parcelcourier-delivery-mobile-app-with-php-laravel-backend/1.7.70.1/Apps/Customer/New Owners/android/app/.cxx/Debug/6o3143y3/armeabi-v7a/CMakeFiles/CMakeTmp

Run Build Command(s):D:\BYD\sdk_v1.0.5\SDK_v1.0.5\BYD_AUTO_SDK_v1.0.5\byd-auto_sdk_windows\cmake\3.22.1\bin\ninja.exe cmTC_a5582 && [1/2] Building CXX object CMakeFiles\cmTC_a5582.dir\testCXXCompiler.cxx.o
FAILED: CMakeFiles/cmTC_a5582.dir/testCXXCompiler.cxx.o 
D:\BYD\sdk_v1.0.5\SDK_v1.0.5\BYD_AUTO_SDK_v1.0.5\byd-auto_sdk_windows\ndk\27.0.12077973\toolchains\llvm\prebuilt\windows-x86_64\bin\clang++.exe   -g -DANDROID -fdata-sections -ffunction-sections -funwind-tables -fstack-protector-strong -no-canonical-prefixes -D_FORTIFY_SOURCE=2 -march=armv7-a -mthumb -Wformat -Werror=format-security -o CMakeFiles\cmTC_a5582.dir\testCXXCompiler.cxx.o -c "D:\New folder\Flutter\codecanyon-Xi4J3zce-fuodz-grocery-food-pharmacy-store-parcelcourier-delivery-mobile-app-with-php-laravel-backend\1.7.70.1\Apps\Customer\New Owners\android\app\.cxx\Debug\6o3143y3\armeabi-v7a\CMakeFiles\CMakeTmp\testCXXCompiler.cxx"
clang++: warning: argument unused during compilation: '-mthumb' [-Wunused-command-line-argument]
error: unknown target CPU 'armv7-a'
note: valid target CPU values are: nocona, core2, penryn, bonnell, atom, silvermont, slm, goldmont, goldmont-plus, tremont, nehalem, corei7, westmere, sandybridge, corei7-avx, ivybridge, core-avx-i, haswell, core-avx2, broadwell, skylake, skylake-avx512, skx, cascadelake, cooperlake, cannonlake, icelake-client, rocketlake, icelake-server, tigerlake, sapphirerapids, alderlake, raptorlake, meteorlake, arrowlake, arrowlake-s, lunarlake, gracemont, pantherlake, sierraforest, grandridge, graniterapids, graniterapids-d, emeraldrapids, clearwaterforest, knl, knm, k8, athlon64, athlon-fx, opteron, k8-sse3, athlon64-sse3, opteron-sse3, amdfam10, barcelona, btver1, btver2, bdver1, bdver2, bdver3, bdver4, znver1, znver2, znver3, znver4, x86-64, x86-64-v2, x86-64-v3, x86-64-v4
ninja: build stopped: subcommand failed.



